2022-06-13 08:26:35,337 - DEBUG : debug: this is debug msg.
2022-06-13 08:26:35,337 - INFO : info: this is info msg.
2022-06-13 08:26:35,337 - CRITICAL : critical: this is critical msg.
2022-06-13 08:26:35,338 - ERROR : error: this is error msg.
2022-06-13 08:26:35,338 - WARNING : warning: this is warning msg.
2022-06-13 08:29:51,194 - DEBUG : debug: this is debug msg.
2022-06-13 08:29:51,194 - INFO : info: this is info msg.
2022-06-13 08:29:51,194 - CRITICAL : critical: this is critical msg.
2022-06-13 08:29:51,194 - ERROR : error: this is error msg.
2022-06-13 08:29:51,195 - WARNING : warning: this is warning msg.
2022-06-13 08:30:10,979 - DEBUG : debug: this is debug msg.
2022-06-13 08:30:10,979 - INFO : info: this is info msg.
2022-06-13 08:30:10,979 - CRITICAL : critical: this is critical msg.
2022-06-13 08:30:10,979 - ERROR : error: this is error msg.
2022-06-13 08:30:10,980 - WARNING : warning: this is warning msg.
2022-06-13 08:30:46,320 - DEBUG : debug: this is debug msg.
2022-06-13 08:30:46,321 - INFO : info: this is info msg.
2022-06-13 08:30:46,321 - CRITICAL : critical: this is critical msg.
2022-06-13 08:30:46,321 - ERROR : error: this is error msg.
2022-06-13 08:30:46,321 - WARNING : warning: this is warning msg.
